\BOOKMARK [0][-]{chapter*.1}{Abstract}{}% 1
\BOOKMARK [0][-]{chapter*.5}{List\040of\040Tables}{}% 2
\BOOKMARK [0][-]{chapter*.6}{List\040of\040Figures}{}% 3
\BOOKMARK [0][-]{chapter*.7}{List\040of\040Abbreviations}{}% 4
\BOOKMARK [0][-]{chapter.1}{Chapter\040One}{}% 5
\BOOKMARK [1][-]{section.1.1}{Introduction}{chapter.1}% 6
\BOOKMARK [2][-]{subsection.1.1.1}{Maternal\040Mortality}{section.1.1}% 7
\BOOKMARK [2][-]{subsection.1.1.2}{mHealth\040in\040Maternal\040and\040Child\040Health}{section.1.1}% 8
\BOOKMARK [2][-]{subsection.1.1.3}{Baby\040Monitor}{section.1.1}% 9
\BOOKMARK [1][-]{section.1.2}{Fieldwork\040Site}{chapter.1}% 10
\BOOKMARK [2][-]{subsection.1.2.1}{Maternal\040Mortality\040in\040Kenya}{section.1.2}% 11
\BOOKMARK [2][-]{subsection.1.2.2}{Kenyan\040Health\040System}{section.1.2}% 12
\BOOKMARK [1][-]{section.1.3}{Research\040Methods}{chapter.1}% 13
\BOOKMARK [2][-]{subsection.1.3.1}{Hear\040Phase}{section.1.3}% 14
\BOOKMARK [2][-]{subsection.1.3.2}{Create\040Phase}{section.1.3}% 15
\BOOKMARK [2][-]{subsection.1.3.3}{Deliver\040Phase}{section.1.3}% 16
\BOOKMARK [0][-]{chapter.2}{Academic\040Manuscript}{}% 17
\BOOKMARK [1][-]{section.2.1}{Abstract}{chapter.2}% 18
\BOOKMARK [1][-]{section.2.2}{Introduction}{chapter.2}% 19
\BOOKMARK [2][-]{subsection.2.2.1}{mHealth}{section.2.2}% 20
\BOOKMARK [2][-]{subsection.2.2.2}{mHealth\040in\040Maternal\040and\040Child\040Health}{section.2.2}% 21
\BOOKMARK [2][-]{subsection.2.2.3}{Baby\040Monitor}{section.2.2}% 22
\BOOKMARK [1][-]{section.2.3}{Methods}{chapter.2}% 23
\BOOKMARK [2][-]{subsection.2.3.1}{Project\040Setting}{section.2.3}% 24
\BOOKMARK [2][-]{subsection.2.3.2}{Recruitment}{section.2.3}% 25
\BOOKMARK [2][-]{subsection.2.3.3}{Design\040Framework}{section.2.3}% 26
\BOOKMARK [2][-]{subsection.2.3.4}{Hear\040Phase}{section.2.3}% 27
\BOOKMARK [2][-]{subsection.2.3.5}{Create\040Phase}{section.2.3}% 28
\BOOKMARK [2][-]{subsection.2.3.6}{Deliver\040Phase}{section.2.3}% 29
\BOOKMARK [1][-]{section.2.4}{Results}{chapter.2}% 30
\BOOKMARK [2][-]{subsection.2.4.1}{Hear\040Phase}{section.2.4}% 31
\BOOKMARK [2][-]{subsection.2.4.2}{Create\040Phase}{section.2.4}% 32
\BOOKMARK [2][-]{subsection.2.4.3}{Deliver\040Phase}{section.2.4}% 33
\BOOKMARK [1][-]{section.2.5}{Discussion}{chapter.2}% 34
\BOOKMARK [2][-]{subsection.2.5.1}{Principal\040Results}{section.2.5}% 35
\BOOKMARK [2][-]{subsection.2.5.2}{Limitations}{section.2.5}% 36
\BOOKMARK [2][-]{subsection.2.5.3}{Conclusions}{section.2.5}% 37
\BOOKMARK [0][-]{chapter.3}{Chapter\040Three}{}% 38
\BOOKMARK [1][-]{section.3.1}{Lessons\040Learned}{chapter.3}% 39
\BOOKMARK [1][-]{section.3.2}{Limitations}{chapter.3}% 40
\BOOKMARK [1][-]{section.3.3}{Implications\040for\040Future\040Research}{chapter.3}% 41
\BOOKMARK [1][-]{section.3.4}{Conclusions}{chapter.3}% 42
\BOOKMARK [0][-]{appendix.A}{Map\040of\040Ndivisi\040Division}{}% 43
\BOOKMARK [0][-]{appendix.B}{CHV\040Report\040Data}{}% 44
\BOOKMARK [0][-]{appendix.C}{Call\040Flows}{}% 45
\BOOKMARK [0][-]{appendix.D}{Usability\040Survey\040}{}% 46
\BOOKMARK [0][-]{table.D.1}{References}{}% 47
